npx react-native init quick_start_demo 
                                                          
               ######                ######               
             ###     ####        ####     ###             
            ##          ###    ###          ##            
            ##             ####             ##            
            ##             ####             ##            
            ##           ##    ##           ##            
            ##         ###      ###         ##            
             ##  ########################  ##             
          ######    ###            ###    ######          
      ###     ##    ##              ##    ##     ###      
   ###         ## ###      ####      ### ##         ###   
  ##           ####      ########      ####           ##  
 ##             ###     ##########     ###             ## 
  ##           ####      ########      ####           ##  
   ###         ## ###      ####      ### ##         ###   
      ###     ##    ##              ##    ##     ###      
          ######    ###            ###    ######          
             ##  ########################  ##             
            ##         ###      ###         ##            
            ##           ##    ##           ##            
            ##             ####             ##            
            ##             ####             ##            
            ##          ###    ###          ##            
             ###     ####        ####     ###             
               ######                ######               
                                                          

                  Welcome to React Native!                
                 Learn once, write anywhere               

✔ Downloading template
✔ Copying template
✔ Processing template
✔ Installing CocoaPods dependencies (this may take a few minutes)

  
  Run instructions for Android:
    • Have an Android emulator running (quickest way to get started), or a device connected.
    • cd "/Users/asterisk/Codes/zuoyu/Agora-Chat-API-Examples/Chat-RN/quick_start_demo" && npx react-native run-android
  
  Run instructions for iOS:
    • cd "/Users/asterisk/Codes/zuoyu/Agora-Chat-API-Examples/Chat-RN/quick_start_demo" && npx react-native run-ios
    - or -
    • Open quick_start_demo/ios/quick_start_demo.xcworkspace in Xcode or run "xed -b ios"
    • Hit the Run button
    
  Run instructions for macOS:
    • See https://aka.ms/ReactNativeGuideMacOS for the latest up-to-date instructions.
